# JRE version: Java(TM) SE Runtime Environment (8.0_191-b12) (build 1.8.0_191-b12)
# Java VM: Java HotSpot(TM) 64-Bit Server VM (25.191-b12 mixed mode windows-amd64 compressed oops)
Heap:
 PSYoungGen      total 174592K, used 102198K [0x00000000d6200000, 0x00000000e2600000, 0x0000000100000000)
  eden space 159232K, 64% used [0x00000000d6200000,0x00000000dc5cd980,0x00000000dfd80000)
  from space 15360K, 0% used [0x00000000e0f80000,0x00000000e0f80000,0x00000000e1e80000)
  to   space 18432K, 0% used [0x00000000dfd80000,0x00000000dfd80000,0x00000000e0f80000)
 ParOldGen       total 98816K, used 23943K [0x0000000082600000, 0x0000000088680000, 0x00000000d6200000)
  object space 98816K, 24% used [0x0000000082600000,0x0000000083d61e98,0x0000000088680000)
 Metaspace       used 34321K, capacity 35924K, committed 36224K, reserved 1081344K
  class space    used 4612K, capacity 4919K, committed 4992K, reserved 1048576K
GC Heap History (10 events):
Event: 1.733 GC heap before
{Heap before GC invocations=6 (full 1):
 PSYoungGen      total 70656K, used 65536K [0x00000000d6200000, 0x00000000dac00000, 0x0000000100000000)
  eden space 65536K, 100% used [0x00000000d6200000,0x00000000da200000,0x00000000da200000)
  from space 5120K, 0% used [0x00000000da700000,0x00000000da700000,0x00000000dac00000)
  to   space 5120K, 0% used [0x00000000da200000,0x00000000da200000,0x00000000da700000)
 ParOldGen       total 55808K, used 7170K [0x0000000082600000, 0x0000000085c80000, 0x00000000d6200000)
  object space 55808K, 12% used [0x0000000082600000,0x0000000082d00a68,0x0000000085c80000)
 Metaspace       used 24632K, capacity 25442K, committed 25600K, reserved 1071104K
  class space    used 3323K, capacity 3527K, committed 3584K, reserved 1048576K
Event: 1.739 GC heap after
Heap after GC invocations=6 (full 1):
 PSYoungGen      total 70656K, used 5093K [0x00000000d6200000, 0x00000000ddd80000, 0x0000000100000000)
  eden space 65536K, 0% used [0x00000000d6200000,0x00000000d6200000,0x00000000da200000)
  from space 5120K, 99% used [0x00000000da200000,0x00000000da6f9700,0x00000000da700000)
  to   space 10752K, 0% used [0x00000000dd300000,0x00000000dd300000,0x00000000ddd80000)
 ParOldGen       total 55808K, used 11907K [0x0000000082600000, 0x0000000085c80000, 0x00000000d6200000)
  object space 55808K, 21% used [0x0000000082600000,0x00000000831a0de8,0x0000000085c80000)
 Metaspace       used 24632K, capacity 25442K, committed 25600K, reserved 1071104K
  class space    used 3323K, capacity 3527K, committed 3584K, reserved 1048576K
}
Event: 2.051 GC heap before
{Heap before GC invocations=7 (full 1):
 PSYoungGen      total 70656K, used 70629K [0x00000000d6200000, 0x00000000ddd80000, 0x0000000100000000)
  eden space 65536K, 100% used [0x00000000d6200000,0x00000000da200000,0x00000000da200000)
  from space 5120K, 99% used [0x00000000da200000,0x00000000da6f9700,0x00000000da700000)
  to   space 10752K, 0% used [0x00000000dd300000,0x00000000dd300000,0x00000000ddd80000)
 ParOldGen       total 55808K, used 11907K [0x0000000082600000, 0x0000000085c80000, 0x00000000d6200000)
  object space 55808K, 21% used [0x0000000082600000,0x00000000831a0de8,0x0000000085c80000)
 Metaspace       used 27821K, capacity 29000K, committed 29184K, reserved 1075200K
  class space    used 3746K, capacity 3990K, committed 4096K, reserved 1048576K
Event: 2.058 GC heap after
Heap after GC invocations=7 (full 1):
 PSYoungGen      total 114176K, used 10400K [0x00000000d6200000, 0x00000000dde00000, 0x0000000100000000)
  eden space 103424K, 0% used [0x00000000d6200000,0x00000000d6200000,0x00000000dc700000)
  from space 10752K, 96% used [0x00000000dd300000,0x00000000ddd28328,0x00000000ddd80000)
  to   space 11776K, 0% used [0x00000000dc700000,0x00000000dc700000,0x00000000dd280000)
 ParOldGen       total 55808K, used 11915K [0x0000000082600000, 0x0000000085c80000, 0x00000000d6200000)
  object space 55808K, 21% used [0x0000000082600000,0x00000000831a2de8,0x0000000085c80000)
 Metaspace       used 27821K, capacity 29000K, committed 29184K, reserved 1075200K
  class space    used 3746K, capacity 3990K, committed 4096K, reserved 1048576K
}
Event: 2.515 GC heap before
{Heap before GC invocations=8 (full 1):
 PSYoungGen      total 114176K, used 113824K [0x00000000d6200000, 0x00000000dde00000, 0x0000000100000000)
  eden space 103424K, 100% used [0x00000000d6200000,0x00000000dc700000,0x00000000dc700000)
  from space 10752K, 96% used [0x00000000dd300000,0x00000000ddd28328,0x00000000ddd80000)
  to   space 11776K, 0% used [0x00000000dc700000,0x00000000dc700000,0x00000000dd280000)
 ParOldGen       total 55808K, used 11915K [0x0000000082600000, 0x0000000085c80000, 0x00000000d6200000)
  object space 55808K, 21% used [0x0000000082600000,0x00000000831a2de8,0x0000000085c80000)
 Metaspace       used 31686K, capacity 33000K, committed 33280K, reserved 1077248K
  class space    used 4245K, capacity 4528K, committed 4608K, reserved 1048576K
Event: 2.525 GC heap after
Heap after GC invocations=8 (full 1):
 PSYoungGen      total 115200K, used 11749K [0x00000000d6200000, 0x00000000e1e80000, 0x0000000100000000)
  eden space 103424K, 0% used [0x00000000d6200000,0x00000000d6200000,0x00000000dc700000)
  from space 11776K, 99% used [0x00000000dc700000,0x00000000dd279510,0x00000000dd280000)
  to   space 15360K, 0% used [0x00000000e0f80000,0x00000000e0f80000,0x00000000e1e80000)
 ParOldGen       total 55808K, used 15575K [0x0000000082600000, 0x0000000085c80000, 0x00000000d6200000)
  object space 55808K, 27% used [0x0000000082600000,0x0000000083535d28,0x0000000085c80000)
 Metaspace       used 31686K, capacity 33000K, committed 33280K, reserved 1077248K
  class space    used 4245K, capacity 4528K, committed 4608K, reserved 1048576K
}
Event: 2.841 GC heap before
{Heap before GC invocations=9 (full 1):
 PSYoungGen      total 115200K, used 109737K [0x00000000d6200000, 0x00000000e1e80000, 0x0000000100000000)
  eden space 103424K, 94% used [0x00000000d6200000,0x00000000dc1b1228,0x00000000dc700000)
  from space 11776K, 99% used [0x00000000dc700000,0x00000000dd279510,0x00000000dd280000)
  to   space 15360K, 0% used [0x00000000e0f80000,0x00000000e0f80000,0x00000000e1e80000)
 ParOldGen       total 55808K, used 15575K [0x0000000082600000, 0x0000000085c80000, 0x00000000d6200000)
  object space 55808K, 27% used [0x0000000082600000,0x0000000083535d28,0x0000000085c80000)
 Metaspace       used 33851K, capacity 35338K, committed 35496K, reserved 1079296K
  class space    used 4544K, capacity 4839K, committed 4864K, reserved 1048576K
Event: 2.852 GC heap after
Heap after GC invocations=9 (full 1):
 PSYoungGen      total 174592K, used 15337K [0x00000000d6200000, 0x00000000e2600000, 0x0000000100000000)
  eden space 159232K, 0% used [0x00000000d6200000,0x00000000d6200000,0x00000000dfd80000)
  from space 15360K, 99% used [0x00000000e0f80000,0x00000000e1e7a520,0x00000000e1e80000)
  to   space 18432K, 0% used [0x00000000dfd80000,0x00000000dfd80000,0x00000000e0f80000)
 ParOldGen       total 55808K, used 17623K [0x0000000082600000, 0x0000000085c80000, 0x00000000d6200000)
  object space 55808K, 31% used [0x0000000082600000,0x0000000083735d08,0x0000000085c80000)
 Metaspace       used 33851K, capacity 35338K, committed 35496K, reserved 1079296K
  class space    used 4544K, capacity 4839K, committed 4864K, reserved 1048576K
}
Event: 2.852 GC heap before
{Heap before GC invocations=10 (full 2):
 PSYoungGen      total 174592K, used 15337K [0x00000000d6200000, 0x00000000e2600000, 0x0000000100000000)
  eden space 159232K, 0% used [0x00000000d6200000,0x00000000d6200000,0x00000000dfd80000)
  from space 15360K, 99% used [0x00000000e0f80000,0x00000000e1e7a520,0x00000000e1e80000)
  to   space 18432K, 0% used [0x00000000dfd80000,0x00000000dfd80000,0x00000000e0f80000)
 ParOldGen       total 55808K, used 17623K [0x0000000082600000, 0x0000000085c80000, 0x00000000d6200000)
  object space 55808K, 31% used [0x0000000082600000,0x0000000083735d08,0x0000000085c80000)
 Metaspace       used 33851K, capacity 35338K, committed 35496K, reserved 1079296K
  class space    used 4544K, capacity 4839K, committed 4864K, reserved 1048576K
Event: 2.913 GC heap after
Heap after GC invocations=10 (full 2):
 PSYoungGen      total 174592K, used 0K [0x00000000d6200000, 0x00000000e2600000, 0x0000000100000000)
  eden space 159232K, 0% used [0x00000000d6200000,0x00000000d6200000,0x00000000dfd80000)
  from space 15360K, 0% used [0x00000000e0f80000,0x00000000e0f80000,0x00000000e1e80000)
  to   space 18432K, 0% used [0x00000000dfd80000,0x00000000dfd80000,0x00000000e0f80000)
 ParOldGen       total 98816K, used 23943K [0x0000000082600000, 0x0000000088680000, 0x00000000d6200000)
  object space 98816K, 24% used [0x0000000082600000,0x0000000083d61e98,0x0000000088680000)
 Metaspace       used 33851K, capacity 35338K, committed 35496K, reserved 1079296K
  class space    used 4544K, capacity 4839K, committed 4864K, reserved 1048576K
}

