# JRE version: Java(TM) SE Runtime Environment (8.0_191-b12) (build 1.8.0_191-b12)
# Java VM: Java HotSpot(TM) 64-Bit Server VM (25.191-b12 mixed mode windows-amd64 compressed oops)
Heap:
 PSYoungGen      total 142336K, used 19592K [0x00000000d6200000, 0x00000000df900000, 0x0000000100000000)
  eden space 131072K, 14% used [0x00000000d6200000,0x00000000d7522108,0x00000000de200000)
  from space 11264K, 0% used [0x00000000dee00000,0x00000000dee00000,0x00000000df900000)
  to   space 11776K, 0% used [0x00000000de200000,0x00000000de200000,0x00000000ded80000)
 ParOldGen       total 72704K, used 16041K [0x0000000082600000, 0x0000000086d00000, 0x00000000d6200000)
  object space 72704K, 22% used [0x0000000082600000,0x00000000835aa730,0x0000000086d00000)
 Metaspace       used 21789K, capacity 22236K, committed 22704K, reserved 1069056K
  class space    used 2597K, capacity 2706K, committed 2816K, reserved 1048576K
GC Heap History (10 events):
Event: 1.229 GC heap before
{Heap before GC invocations=3 (full 0):
 PSYoungGen      total 37888K, used 37860K [0x00000000d6200000, 0x00000000dac00000, 0x0000000100000000)
  eden space 32768K, 100% used [0x00000000d6200000,0x00000000d8200000,0x00000000d8200000)
  from space 5120K, 99% used [0x00000000d8700000,0x00000000d8bf9348,0x00000000d8c00000)
  to   space 5120K, 0% used [0x00000000d8200000,0x00000000d8200000,0x00000000d8700000)
 ParOldGen       total 86016K, used 2004K [0x0000000082600000, 0x0000000087a00000, 0x00000000d6200000)
  object space 86016K, 2% used [0x0000000082600000,0x00000000827f5398,0x0000000087a00000)
 Metaspace       used 15384K, capacity 15682K, committed 15872K, reserved 1062912K
  class space    used 1882K, capacity 1973K, committed 2048K, reserved 1048576K
Event: 1.235 GC heap after
Heap after GC invocations=3 (full 0):
 PSYoungGen      total 37888K, used 5104K [0x00000000d6200000, 0x00000000dac00000, 0x0000000100000000)
  eden space 32768K, 0% used [0x00000000d6200000,0x00000000d6200000,0x00000000d8200000)
  from space 5120K, 99% used [0x00000000d8200000,0x00000000d86fc060,0x00000000d8700000)
  to   space 5120K, 0% used [0x00000000da700000,0x00000000da700000,0x00000000dac00000)
 ParOldGen       total 86016K, used 5537K [0x0000000082600000, 0x0000000087a00000, 0x00000000d6200000)
  object space 86016K, 6% used [0x0000000082600000,0x0000000082b685a0,0x0000000087a00000)
 Metaspace       used 15384K, capacity 15682K, committed 15872K, reserved 1062912K
  class space    used 1882K, capacity 1973K, committed 2048K, reserved 1048576K
}
Event: 1.538 GC heap before
{Heap before GC invocations=4 (full 0):
 PSYoungGen      total 37888K, used 37872K [0x00000000d6200000, 0x00000000dac00000, 0x0000000100000000)
  eden space 32768K, 100% used [0x00000000d6200000,0x00000000d8200000,0x00000000d8200000)
  from space 5120K, 99% used [0x00000000d8200000,0x00000000d86fc060,0x00000000d8700000)
  to   space 5120K, 0% used [0x00000000da700000,0x00000000da700000,0x00000000dac00000)
 ParOldGen       total 86016K, used 5537K [0x0000000082600000, 0x0000000087a00000, 0x00000000d6200000)
  object space 86016K, 6% used [0x0000000082600000,0x0000000082b685a0,0x0000000087a00000)
 Metaspace       used 15923K, capacity 16238K, committed 16384K, reserved 1062912K
  class space    used 1919K, capacity 2007K, committed 2048K, reserved 1048576K
Event: 1.545 GC heap after
Heap after GC invocations=4 (full 0):
 PSYoungGen      total 70656K, used 5088K [0x00000000d6200000, 0x00000000dac00000, 0x0000000100000000)
  eden space 65536K, 0% used [0x00000000d6200000,0x00000000d6200000,0x00000000da200000)
  from space 5120K, 99% used [0x00000000da700000,0x00000000dabf8030,0x00000000dac00000)
  to   space 5120K, 0% used [0x00000000da200000,0x00000000da200000,0x00000000da700000)
 ParOldGen       total 86016K, used 9643K [0x0000000082600000, 0x0000000087a00000, 0x00000000d6200000)
  object space 86016K, 11% used [0x0000000082600000,0x0000000082f6ae88,0x0000000087a00000)
 Metaspace       used 15923K, capacity 16238K, committed 16384K, reserved 1062912K
  class space    used 1919K, capacity 2007K, committed 2048K, reserved 1048576K
}
Event: 1.986 GC heap before
{Heap before GC invocations=5 (full 0):
 PSYoungGen      total 70656K, used 70624K [0x00000000d6200000, 0x00000000dac00000, 0x0000000100000000)
  eden space 65536K, 100% used [0x00000000d6200000,0x00000000da200000,0x00000000da200000)
  from space 5120K, 99% used [0x00000000da700000,0x00000000dabf8030,0x00000000dac00000)
  to   space 5120K, 0% used [0x00000000da200000,0x00000000da200000,0x00000000da700000)
 ParOldGen       total 86016K, used 9643K [0x0000000082600000, 0x0000000087a00000, 0x00000000d6200000)
  object space 86016K, 11% used [0x0000000082600000,0x0000000082f6ae88,0x0000000087a00000)
 Metaspace       used 17152K, capacity 17528K, committed 17792K, reserved 1064960K
  class space    used 2033K, capacity 2114K, committed 2176K, reserved 1048576K
Event: 1.994 GC heap after
Heap after GC invocations=5 (full 0):
 PSYoungGen      total 70656K, used 5104K [0x00000000d6200000, 0x00000000dfa00000, 0x0000000100000000)
  eden space 65536K, 0% used [0x00000000d6200000,0x00000000d6200000,0x00000000da200000)
  from space 5120K, 99% used [0x00000000da200000,0x00000000da6fc060,0x00000000da700000)
  to   space 12288K, 0% used [0x00000000dee00000,0x00000000dee00000,0x00000000dfa00000)
 ParOldGen       total 86016K, used 14948K [0x0000000082600000, 0x0000000087a00000, 0x00000000d6200000)
  object space 86016K, 17% used [0x0000000082600000,0x00000000834990d0,0x0000000087a00000)
 Metaspace       used 17152K, capacity 17528K, committed 17792K, reserved 1064960K
  class space    used 2033K, capacity 2114K, committed 2176K, reserved 1048576K
}
Event: 2.329 GC heap before
{Heap before GC invocations=6 (full 0):
 PSYoungGen      total 70656K, used 47557K [0x00000000d6200000, 0x00000000dfa00000, 0x0000000100000000)
  eden space 65536K, 64% used [0x00000000d6200000,0x00000000d8b754a0,0x00000000da200000)
  from space 5120K, 99% used [0x00000000da200000,0x00000000da6fc060,0x00000000da700000)
  to   space 12288K, 0% used [0x00000000dee00000,0x00000000dee00000,0x00000000dfa00000)
 ParOldGen       total 86016K, used 14948K [0x0000000082600000, 0x0000000087a00000, 0x00000000d6200000)
  object space 86016K, 17% used [0x0000000082600000,0x00000000834990d0,0x0000000087a00000)
 Metaspace       used 20658K, capacity 21052K, committed 21296K, reserved 1069056K
  class space    used 2495K, capacity 2610K, committed 2688K, reserved 1048576K
Event: 2.338 GC heap after
Heap after GC invocations=6 (full 0):
 PSYoungGen      total 142336K, used 7960K [0x00000000d6200000, 0x00000000df900000, 0x0000000100000000)
  eden space 131072K, 0% used [0x00000000d6200000,0x00000000d6200000,0x00000000de200000)
  from space 11264K, 70% used [0x00000000dee00000,0x00000000df5c60e8,0x00000000df900000)
  to   space 11776K, 0% used [0x00000000de200000,0x00000000de200000,0x00000000ded80000)
 ParOldGen       total 86016K, used 14956K [0x0000000082600000, 0x0000000087a00000, 0x00000000d6200000)
  object space 86016K, 17% used [0x0000000082600000,0x000000008349b0d0,0x0000000087a00000)
 Metaspace       used 20658K, capacity 21052K, committed 21296K, reserved 1069056K
  class space    used 2495K, capacity 2610K, committed 2688K, reserved 1048576K
}
Event: 2.338 GC heap before
{Heap before GC invocations=7 (full 1):
 PSYoungGen      total 142336K, used 7960K [0x00000000d6200000, 0x00000000df900000, 0x0000000100000000)
  eden space 131072K, 0% used [0x00000000d6200000,0x00000000d6200000,0x00000000de200000)
  from space 11264K, 70% used [0x00000000dee00000,0x00000000df5c60e8,0x00000000df900000)
  to   space 11776K, 0% used [0x00000000de200000,0x00000000de200000,0x00000000ded80000)
 ParOldGen       total 86016K, used 14956K [0x0000000082600000, 0x0000000087a00000, 0x00000000d6200000)
  object space 86016K, 17% used [0x0000000082600000,0x000000008349b0d0,0x0000000087a00000)
 Metaspace       used 20658K, capacity 21052K, committed 21296K, reserved 1069056K
  class space    used 2495K, capacity 2610K, committed 2688K, reserved 1048576K
Event: 2.382 GC heap after
Heap after GC invocations=7 (full 1):
 PSYoungGen      total 142336K, used 0K [0x00000000d6200000, 0x00000000df900000, 0x0000000100000000)
  eden space 131072K, 0% used [0x00000000d6200000,0x00000000d6200000,0x00000000de200000)
  from space 11264K, 0% used [0x00000000dee00000,0x00000000dee00000,0x00000000df900000)
  to   space 11776K, 0% used [0x00000000de200000,0x00000000de200000,0x00000000ded80000)
 ParOldGen       total 72704K, used 16041K [0x0000000082600000, 0x0000000086d00000, 0x00000000d6200000)
  object space 72704K, 22% used [0x0000000082600000,0x00000000835aa730,0x0000000086d00000)
 Metaspace       used 20658K, capacity 21052K, committed 21296K, reserved 1069056K
  class space    used 2495K, capacity 2610K, committed 2688K, reserved 1048576K
}

